<?xml version="1.0" ?>
<coverage branch-rate="0" line-rate="1" timestamp="1447384417506" version="4.0.2">
	<!-- Generated by coverage.py: https://coverage.readthedocs.org -->
	<!-- Based on https://raw.githubusercontent.com/cobertura/web/f0366e5e2cf18f111cbd61fc34ef720a6584ba02/htdocs/xml/coverage-03.dtd -->
	<sources>
		<source>/Users/xiangkundai/Google Drive/0Courses/APT 2015/AptLab3</source>
	</sources>
	<packages>
		<package branch-rate="0" complexity="0" line-rate="1" name="project1">
			<classes>
				<class branch-rate="0" complexity="0" filename="project1/__init__.py" line-rate="1" name="__init__.py">
					<methods/>
					<lines>
						<line hits="1" number="2"/>
					</lines>
				</class>
				<class branch-rate="0" complexity="0" filename="project1/authentication.py" line-rate="1" name="authentication.py">
					<methods/>
					<lines>
						<line hits="1" number="2"/>
						<line hits="1" number="4"/>
						<line hits="1" number="6"/>
						<line hits="1" number="7"/>
						<line hits="1" number="8"/>
						<line hits="1" number="9"/>
						<line hits="1" number="10"/>
						<line hits="1" number="11"/>
						<line hits="1" number="12"/>
						<line hits="1" number="13"/>
					</lines>
				</class>
			</classes>
		</package>
	</packages>
</coverage>
